Arguments: 
  /usr/bin/node /usr/bin/yarn init

PATH: 
  /usr/local/bin:/usr/bin:/bin:/usr/local/sbin:/usr/lib/jvm/default/bin:/usr/bin/site_perl:/usr/bin/vendor_perl:/usr/bin/core_perl

Yarn version: 
  1.16.0

Node version: 
  11.15.0

Platform: 
  linux x64

Trace: 
  Error: canceled
      at Interface.<anonymous> (/usr/lib/node_modules/yarn/lib/cli.js:125850:13)
      at Interface.emit (events.js:193:13)
      at Interface._ttyWrite (readline.js:826:16)
      at ReadStream.onkeypress (readline.js:183:10)
      at ReadStream.emit (events.js:193:13)
      at emitKeys (internal/readline.js:424:14)
      at emitKeys.next (<anonymous>)
      at ReadStream.onData (readline.js:1097:36)
      at ReadStream.emit (events.js:193:13)
      at addChunk (_stream_readable.js:295:12)

npm manifest: 
  No manifest

yarn manifest: 
  No manifest

Lockfile: 
  No lockfile
